This is pdfTeX, Version 3.141592653-2.6-1.40.24 (TeX Live 2022/Debian) (preloaded format=pdflatex 2025.6.24)  30 JUN 2025 14:19
entering extended mode
 restricted \write18 enabled.
 %&-line parsing enabled.
**relatorio.tex
(./relatorio.tex
LaTeX2e <2022-11-01> patch level 1
L3 programming layer <2023-01-16>
(/usr/share/texlive/texmf-dist/tex/latex/base/article.cls
Document Class: article 2022/07/02 v1.4n Standard LaTeX document class
(/usr/share/texlive/texmf-dist/tex/latex/base/size10.clo
File: size10.clo 2022/07/02 v1.4n Standard LaTeX file (size option)
)
\c@part=\count185
\c@section=\count186
\c@subsection=\count187
\c@subsubsection=\count188
\c@paragraph=\count189
\c@subparagraph=\count190
\c@figure=\count191
\c@table=\count192
\abovecaptionskip=\skip48
\belowcaptionskip=\skip49
\bibindent=\dimen140
)
(/usr/share/texlive/texmf-dist/tex/latex/graphics/graphicx.sty
Package: graphicx 2021/09/16 v1.2d Enhanced LaTeX Graphics (DPC,SPQR)

(/usr/share/texlive/texmf-dist/tex/latex/graphics/keyval.sty
Package: keyval 2022/05/29 v1.15 key=value parser (DPC)
\KV@toks@=\toks16
)
(/usr/share/texlive/texmf-dist/tex/latex/graphics/graphics.sty
Package: graphics 2022/03/10 v1.4e Standard LaTeX Graphics (DPC,SPQR)

(/usr/share/texlive/texmf-dist/tex/latex/graphics/trig.sty
Package: trig 2021/08/11 v1.11 sin cos tan (DPC)
)
(/usr/share/texlive/texmf-dist/tex/latex/graphics-cfg/graphics.cfg
File: graphics.cfg 2016/06/04 v1.11 sample graphics configuration
)
Package graphics Info: Driver file: pdftex.def on input line 107.

(/usr/share/texlive/texmf-dist/tex/latex/graphics-def/pdftex.def
File: pdftex.def 2022/09/22 v1.2b Graphics/color driver for pdftex
))
\Gin@req@height=\dimen141
\Gin@req@width=\dimen142
)
(/usr/share/texlive/texmf-dist/tex/latex/caption/subcaption.sty
Package: subcaption 2022/01/07 v1.5 Sub-captions (AR)

(/usr/share/texlive/texmf-dist/tex/latex/caption/caption.sty
Package: caption 2022/03/01 v3.6b Customizing captions (AR)

(/usr/share/texlive/texmf-dist/tex/latex/caption/caption3.sty
Package: caption3 2022/03/17 v2.3b caption3 kernel (AR)
\caption@tempdima=\dimen143
\captionmargin=\dimen144
\caption@leftmargin=\dimen145
\caption@rightmargin=\dimen146
\caption@width=\dimen147
\caption@indent=\dimen148
\caption@parindent=\dimen149
\caption@hangindent=\dimen150
Package caption Info: Standard document class detected.
)
\c@caption@flags=\count193
\c@continuedfloat=\count194
)
\c@subfigure=\count195
\c@subtable=\count196
)
(/usr/share/texlive/texmf-dist/tex/latex/float/float.sty
Package: float 2001/11/08 v1.3d Float enhancements (AL)
\c@float@type=\count197
\float@exts=\toks17
\float@box=\box51
\@float@everytoks=\toks18
\@floatcapt=\box52
)
(/usr/share/texlive/texmf-dist/tex/latex/listings/listings.sty
\lst@mode=\count198
\lst@gtempboxa=\box53
\lst@token=\toks19
\lst@length=\count199
\lst@currlwidth=\dimen151
\lst@column=\count266
\lst@pos=\count267
\lst@lostspace=\dimen152
\lst@width=\dimen153
\lst@newlines=\count268
\lst@lineno=\count269
\lst@maxwidth=\dimen154

(/usr/share/texlive/texmf-dist/tex/latex/listings/lstmisc.sty
File: lstmisc.sty 2020/03/24 1.8d (Carsten Heinz)
\c@lstnumber=\count270
\lst@skipnumbers=\count271
\lst@framebox=\box54
)
(/usr/share/texlive/texmf-dist/tex/latex/listings/listings.cfg
File: listings.cfg 2020/03/24 1.8d listings configuration
))
Package: listings 2020/03/24 1.8d (Carsten Heinz)

(/usr/share/texlive/texmf-dist/tex/latex/xcolor/xcolor.sty
Package: xcolor 2022/06/12 v2.14 LaTeX color extensions (UK)

(/usr/share/texlive/texmf-dist/tex/latex/graphics-cfg/color.cfg
File: color.cfg 2016/01/02 v1.6 sample color configuration
)
Package xcolor Info: Driver file: pdftex.def on input line 227.

(/usr/share/texlive/texmf-dist/tex/latex/graphics/mathcolor.ltx)
Package xcolor Info: Model `cmy' substituted by `cmy0' on input line 1353.
Package xcolor Info: Model `hsb' substituted by `rgb' on input line 1357.
Package xcolor Info: Model `RGB' extended on input line 1369.
Package xcolor Info: Model `HTML' substituted by `rgb' on input line 1371.
Package xcolor Info: Model `Hsb' substituted by `hsb' on input line 1372.
Package xcolor Info: Model `tHsb' substituted by `hsb' on input line 1373.
Package xcolor Info: Model `HSB' substituted by `hsb' on input line 1374.
Package xcolor Info: Model `Gray' substituted by `gray' on input line 1375.
Package xcolor Info: Model `wave' substituted by `hsb' on input line 1376.
)
(/usr/share/texlive/texmf-dist/tex/latex/natbib/natbib.sty
Package: natbib 2010/09/13 8.31b (PWD, AO)
\bibhang=\skip50
\bibsep=\skip51
LaTeX Info: Redefining \cite on input line 694.
\c@NAT@ctr=\count272
)
(/usr/share/texlive/texmf-dist/tex/latex/base/inputenc.sty
Package: inputenc 2021/02/14 v1.3d Input encoding file
\inpenc@prehook=\toks20
\inpenc@posthook=\toks21
)
(/usr/share/texlive/texmf-dist/tex/latex/base/fontenc.sty
Package: fontenc 2021/04/29 v2.0v Standard LaTeX package
)
(/usr/share/texlive/texmf-dist/tex/generic/babel/babel.sty
Package: babel 2022/12/26 3.84 The Babel package
\babel@savecnt=\count273
\U@D=\dimen155
\l@unhyphenated=\language4

(/usr/share/texlive/texmf-dist/tex/generic/babel/txtbabel.def)
\bbl@readstream=\read2
\bbl@dirlevel=\count274

(/usr/share/texlive/texmf-dist/tex/generic/babel-portuges/portuguese.ldf
Language: portuges 2021/07/09 v1.2t Portuguese support from the babel system
Package babel Info: Making " an active character on input line 143.
))
(/usr/share/texlive/texmf-dist/tex/generic/babel/locale/pt/babel-portuguese.tex
Package babel Info: Importing font and identification data for portuguese
(babel)             from babel-pt.ini. Reported on input line 11.
) (/usr/share/texlive/texmf-dist/tex/latex/l3backend/l3backend-pdftex.def
File: l3backend-pdftex.def 2023-01-16 L3 backend support: PDF output (pdfTeX)
\l__color_backend_stack_int=\count275
\l__pdf_internal_box=\box55
)
(./relatorio.aux

LaTeX Warning: Label `2023' multiply defined.


LaTeX Warning: Label `sub@2023' multiply defined.


LaTeX Warning: Label `2025' multiply defined.


LaTeX Warning: Label `sub@2025' multiply defined.


LaTeX Warning: Label `2023' multiply defined.


LaTeX Warning: Label `sub@2023' multiply defined.


LaTeX Warning: Label `2025' multiply defined.


LaTeX Warning: Label `sub@2025' multiply defined.


LaTeX Warning: Label `2023' multiply defined.


LaTeX Warning: Label `sub@2023' multiply defined.


LaTeX Warning: Label `2025' multiply defined.


LaTeX Warning: Label `sub@2025' multiply defined.

)
\openout1 = `relatorio.aux'.

LaTeX Font Info:    Checking defaults for OML/cmm/m/it on input line 22.
LaTeX Font Info:    ... okay on input line 22.
LaTeX Font Info:    Checking defaults for OMS/cmsy/m/n on input line 22.
LaTeX Font Info:    ... okay on input line 22.
LaTeX Font Info:    Checking defaults for OT1/cmr/m/n on input line 22.
LaTeX Font Info:    ... okay on input line 22.
LaTeX Font Info:    Checking defaults for T1/cmr/m/n on input line 22.
LaTeX Font Info:    ... okay on input line 22.
LaTeX Font Info:    Checking defaults for TS1/cmr/m/n on input line 22.
LaTeX Font Info:    ... okay on input line 22.
LaTeX Font Info:    Checking defaults for OMX/cmex/m/n on input line 22.
LaTeX Font Info:    ... okay on input line 22.
LaTeX Font Info:    Checking defaults for U/cmr/m/n on input line 22.
LaTeX Font Info:    ... okay on input line 22.
 (/usr/share/texlive/texmf-dist/tex/context/base/mkii/supp-pdf.mkii
[Loading MPS to PDF converter (version 2006.09.02).]
\scratchcounter=\count276
\scratchdimen=\dimen156
\scratchbox=\box56
\nofMPsegments=\count277
\nofMParguments=\count278
\everyMPshowfont=\toks22
\MPscratchCnt=\count279
\MPscratchDim=\dimen157
\MPnumerator=\count280
\makeMPintoPDFobject=\count281
\everyMPtoPDFconversion=\toks23
) (/usr/share/texlive/texmf-dist/tex/latex/epstopdf-pkg/epstopdf-base.sty
Package: epstopdf-base 2020-01-24 v2.11 Base part for package epstopdf

(/usr/share/texlive/texmf-dist/tex/generic/infwarerr/infwarerr.sty
Package: infwarerr 2019/12/03 v1.5 Providing info/warning/error messages (HO)
)
(/usr/share/texlive/texmf-dist/tex/latex/grfext/grfext.sty
Package: grfext 2019/12/03 v1.3 Manage graphics extensions (HO)

(/usr/share/texlive/texmf-dist/tex/generic/kvdefinekeys/kvdefinekeys.sty
Package: kvdefinekeys 2019-12-19 v1.6 Define keys (HO)
))
(/usr/share/texlive/texmf-dist/tex/latex/kvoptions/kvoptions.sty
Package: kvoptions 2022-06-15 v3.15 Key value format for package options (HO)

(/usr/share/texlive/texmf-dist/tex/generic/ltxcmds/ltxcmds.sty
Package: ltxcmds 2020-05-10 v1.25 LaTeX kernel commands for general use (HO)
)
(/usr/share/texlive/texmf-dist/tex/latex/kvsetkeys/kvsetkeys.sty
Package: kvsetkeys 2022-10-05 v1.19 Key value parser (HO)
))
(/usr/share/texlive/texmf-dist/tex/generic/pdftexcmds/pdftexcmds.sty
Package: pdftexcmds 2020-06-27 v0.33 Utility functions of pdfTeX for LuaTeX (HO
)

(/usr/share/texlive/texmf-dist/tex/generic/iftex/iftex.sty
Package: iftex 2022/02/03 v1.0f TeX engine tests
)
Package pdftexcmds Info: \pdf@primitive is available.
Package pdftexcmds Info: \pdf@ifprimitive is available.
Package pdftexcmds Info: \pdfdraftmode found.
)
Package epstopdf-base Info: Redefining graphics rule for `.eps' on input line 4
85.
Package grfext Info: Graphics extension search list:
(grfext)             [.pdf,.png,.jpg,.mps,.jpeg,.jbig2,.jb2,.PDF,.PNG,.JPG,.JPE
G,.JBIG2,.JB2,.eps]
(grfext)             \AppendGraphicsExtensions on input line 504.

(/usr/share/texlive/texmf-dist/tex/latex/latexconfig/epstopdf-sys.cfg
File: epstopdf-sys.cfg 2010/07/13 v1.3 Configuration of (r)epstopdf for TeX Liv
e
))
Package caption Info: Begin \AtBeginDocument code.
Package caption Info: float package is loaded.
Package caption Info: listings package is loaded.
Package caption Info: End \AtBeginDocument code.
\c@lstlisting=\count282
LaTeX Font Info:    External font `cmex10' loaded for size
(Font)              <12> on input line 24.
LaTeX Font Info:    External font `cmex10' loaded for size
(Font)              <8> on input line 24.
LaTeX Font Info:    External font `cmex10' loaded for size
(Font)              <6> on input line 24.
<../tabela_comparativa.png, id=1, 826.58812pt x 463.7325pt>
File: ../tabela_comparativa.png Graphic file (type png)
<use ../tabela_comparativa.png>
Package pdftex.def Info: ../tabela_comparativa.png  used on input line 35.
(pdftex.def)             Requested size: 386.95894pt x 217.09102pt.

[1

{/var/lib/texmf/fonts/map/pdftex/updmap/pdftex.map} <../tabela_comparativa.png 
(PNG copy)>]
LaTeX Font Info:    Trying to load font information for T1+cmtt on input line 5
2.
 (/usr/share/texlive/texmf-dist/tex/latex/base/t1cmtt.fd
File: t1cmtt.fd 2022/07/10 v2.5l Standard LaTeX font definitions
)
[2] [3]
<../Imagens/012023.png, id=21, 385.44pt x 385.44pt>
File: ../Imagens/012023.png Graphic file (type png)
<use ../Imagens/012023.png>
Package pdftex.def Info: ../Imagens/012023.png  used on input line 148.
(pdftex.def)             Requested size: 232.17241pt x 232.17151pt.
<../Imagens/012025.png, id=22, 385.44pt x 385.44pt>
File: ../Imagens/012025.png Graphic file (type png)
<use ../Imagens/012025.png>
Package pdftex.def Info: ../Imagens/012025.png  used on input line 154.
(pdftex.def)             Requested size: 232.17241pt x 232.17151pt.
<../Imagens/012023_mean_shift.png, id=23, 513.92pt x 513.92pt>
File: ../Imagens/012023_mean_shift.png Graphic file (type png)
<use ../Imagens/012023_mean_shift.png>
Package pdftex.def Info: ../Imagens/012023_mean_shift.png  used on input line 1
69.
(pdftex.def)             Requested size: 232.17241pt x 232.1715pt.
<../Imagens/012025_mean_shift.png, id=24, 513.92pt x 513.92pt>
File: ../Imagens/012025_mean_shift.png Graphic file (type png)
<use ../Imagens/012025_mean_shift.png>
Package pdftex.def Info: ../Imagens/012025_mean_shift.png  used on input line 1
75.
(pdftex.def)             Requested size: 232.17241pt x 232.1715pt.
 [4 <../Imagens/012023.png (PNG copy)> <../Imagens/012025.png (PNG copy)>]
<../Imagens/012023_bin.png, id=29, 513.92pt x 513.92pt>
File: ../Imagens/012023_bin.png Graphic file (type png)
<use ../Imagens/012023_bin.png>
Package pdftex.def Info: ../Imagens/012023_bin.png  used on input line 188.
(pdftex.def)             Requested size: 232.17241pt x 232.1715pt.
<../Imagens/012025_bin.png, id=30, 513.92pt x 513.92pt>
File: ../Imagens/012025_bin.png Graphic file (type png)
<use ../Imagens/012025_bin.png>
Package pdftex.def Info: ../Imagens/012025_bin.png  used on input line 194.
(pdftex.def)             Requested size: 232.17241pt x 232.1715pt.
<../Imagens/012025_sub.png, id=31, 513.92pt x 513.92pt>
File: ../Imagens/012025_sub.png Graphic file (type png)
<use ../Imagens/012025_sub.png>
Package pdftex.def Info: ../Imagens/012025_sub.png  used on input line 207.
(pdftex.def)             Requested size: 232.17241pt x 232.1715pt.
<../Imagens/resultado01.png, id=32, 513.92pt x 513.92pt>
File: ../Imagens/resultado01.png Graphic file (type png)
<use ../Imagens/resultado01.png>
Package pdftex.def Info: ../Imagens/resultado01.png  used on input line 213.
(pdftex.def)             Requested size: 232.17241pt x 232.1715pt.
 [5 <../Imagens/012023_mean_shift.png (PNG copy)> <../Imagens/012025_mean_shift
.png (PNG copy)> <../Imagens/012023_bin.png (PNG copy)> <../Imagens/012025_bin.
png (PNG copy)>] (./relatorio.bbl) [6 <../Imagens/012025_sub.png (PNG copy)> <.
./Imagens/resultado01.png (PNG copy)>] (./relatorio.aux)

LaTeX Warning: There were multiply-defined labels.

 ) 
Here is how much of TeX's memory you used:
 6964 strings out of 478031
 115801 string characters out of 5840162
 1861330 words of memory out of 5000000
 27019 multiletter control sequences out of 15000+600000
 521736 words of font info for 51 fonts, out of 8000000 for 9000
 16 hyphenation exceptions out of 8191
 67i,8n,77p,1389b,478s stack positions out of 10000i,1000n,20000p,200000b,200000s
 </home/joao/.texlive2022/texmf-var/fonts/pk/ljfour/jknappen/ec/ecrm0900.600p
k> </home/joao/.texlive2022/texmf-var/fonts/pk/ljfour/jknappen/ec/ectt1000.600p
k> </home/joao/.texlive2022/texmf-var/fonts/pk/ljfour/jknappen/ec/tcrm1000.600p
k> </home/joao/.texlive2022/texmf-var/fonts/pk/ljfour/jknappen/ec/ecti1000.600p
k> </home/joao/.texlive2022/texmf-var/fonts/pk/ljfour/jknappen/ec/ecrm1000.600p
k> </home/joao/.texlive2022/texmf-var/fonts/pk/ljfour/jknappen/ec/ecbx1200.600p
k> </home/joao/.texlive2022/texmf-var/fonts/pk/ljfour/jknappen/ec/ecbx1440.600p
k> </home/joao/.texlive2022/texmf-var/fonts/pk/ljfour/jknappen/ec/ecrm1200.600p
k> </home/joao/.texlive2022/texmf-var/fonts/pk/ljfour/jknappen/ec/ecrm1728.600p
k>
Output written on relatorio.pdf (6 pages, 1684194 bytes).
PDF statistics:
 378 PDF objects out of 1000 (max. 8388607)
 50 compressed objects within 1 object stream
 0 named destinations out of 1000 (max. 500000)
 46 words of extra memory for PDF output out of 10000 (max. 10000000)

